2018-03-21 11:24:32,459 DEBUG [Forwarding newSession on session null to remote] RequestAddCookies:123 - CookieSpec selected: default
2018-03-21 11:24:32,469 DEBUG [Forwarding newSession on session null to remote] RequestAuthCache:77 - Auth cache not set in the context
2018-03-21 11:24:32,470 DEBUG [Forwarding newSession on session null to remote] PoolingHttpClientConnectionManager:255 - Connection request: [route: {}->http://localhost:43581][total kept alive: 0; route allocated: 0 of 2000; total allocated: 0 of 2000]
2018-03-21 11:24:32,481 DEBUG [Forwarding newSession on session null to remote] PoolingHttpClientConnectionManager:288 - Connection leased: [id: 0][route: {}->http://localhost:43581][total kept alive: 0; route allocated: 1 of 2000; total allocated: 1 of 2000]
2018-03-21 11:24:32,483 DEBUG [Forwarding newSession on session null to remote] MainClientExec:235 - Opening connection {}->http://localhost:43581
2018-03-21 11:24:32,485 DEBUG [Forwarding newSession on session null to remote] DefaultHttpClientConnectionOperator:139 - Connecting to localhost/127.0.0.1:43581
2018-03-21 11:24:32,487 DEBUG [Forwarding newSession on session null to remote] DefaultHttpClientConnectionOperator:146 - Connection established 127.0.0.1:51709<->127.0.0.1:43581
2018-03-21 11:24:32,487 DEBUG [Forwarding newSession on session null to remote] DefaultManagedHttpClientConnection:88 - http-outgoing-0: set socket timeout to 10800000
2018-03-21 11:24:32,488 DEBUG [Forwarding newSession on session null to remote] MainClientExec:256 - Executing request POST /session HTTP/1.1
2018-03-21 11:24:32,488 DEBUG [Forwarding newSession on session null to remote] MainClientExec:261 - Target auth state: UNCHALLENGED
2018-03-21 11:24:32,489 DEBUG [Forwarding newSession on session null to remote] MainClientExec:267 - Proxy auth state: UNCHALLENGED
2018-03-21 11:24:32,491 DEBUG [Forwarding newSession on session null to remote] headers:133 - http-outgoing-0 >> POST /session HTTP/1.1
2018-03-21 11:24:32,491 DEBUG [Forwarding newSession on session null to remote] headers:136 - http-outgoing-0 >> Content-Type: application/json; charset=utf-8
2018-03-21 11:24:32,491 DEBUG [Forwarding newSession on session null to remote] headers:136 - http-outgoing-0 >> Content-Length: 550
2018-03-21 11:24:32,492 DEBUG [Forwarding newSession on session null to remote] headers:136 - http-outgoing-0 >> Host: localhost:43581
2018-03-21 11:24:32,492 DEBUG [Forwarding newSession on session null to remote] headers:136 - http-outgoing-0 >> Connection: Keep-Alive
2018-03-21 11:24:32,492 DEBUG [Forwarding newSession on session null to remote] headers:136 - http-outgoing-0 >> User-Agent: Apache-HttpClient/4.5.3 (Java/1.8.0_161)
2018-03-21 11:24:32,493 DEBUG [Forwarding newSession on session null to remote] headers:136 - http-outgoing-0 >> Accept-Encoding: gzip,deflate
2018-03-21 11:24:32,493 DEBUG [Forwarding newSession on session null to remote] wire:73 - http-outgoing-0 >> "POST /session HTTP/1.1[\r][\n]"
2018-03-21 11:24:32,494 DEBUG [Forwarding newSession on session null to remote] wire:73 - http-outgoing-0 >> "Content-Type: application/json; charset=utf-8[\r][\n]"
2018-03-21 11:24:32,494 DEBUG [Forwarding newSession on session null to remote] wire:73 - http-outgoing-0 >> "Content-Length: 550[\r][\n]"
2018-03-21 11:24:32,495 DEBUG [Forwarding newSession on session null to remote] wire:73 - http-outgoing-0 >> "Host: localhost:43581[\r][\n]"
2018-03-21 11:24:32,495 DEBUG [Forwarding newSession on session null to remote] wire:73 - http-outgoing-0 >> "Connection: Keep-Alive[\r][\n]"
2018-03-21 11:24:32,496 DEBUG [Forwarding newSession on session null to remote] wire:73 - http-outgoing-0 >> "User-Agent: Apache-HttpClient/4.5.3 (Java/1.8.0_161)[\r][\n]"
2018-03-21 11:24:32,496 DEBUG [Forwarding newSession on session null to remote] wire:73 - http-outgoing-0 >> "Accept-Encoding: gzip,deflate[\r][\n]"
2018-03-21 11:24:32,496 DEBUG [Forwarding newSession on session null to remote] wire:73 - http-outgoing-0 >> "[\r][\n]"
2018-03-21 11:24:32,497 DEBUG [Forwarding newSession on session null to remote] wire:73 - http-outgoing-0 >> "{[\n]"
2018-03-21 11:24:32,497 DEBUG [Forwarding newSession on session null to remote] wire:73 - http-outgoing-0 >> "  "desiredCapabilities": {[\n]"
2018-03-21 11:24:32,497 DEBUG [Forwarding newSession on session null to remote] wire:73 - http-outgoing-0 >> "    "browserName": "chrome",[\n]"
2018-03-21 11:24:32,498 DEBUG [Forwarding newSession on session null to remote] wire:73 - http-outgoing-0 >> "    "chromeOptions": {[\n]"
2018-03-21 11:24:32,498 DEBUG [Forwarding newSession on session null to remote] wire:73 - http-outgoing-0 >> "      "args": [],[\n]"
2018-03-21 11:24:32,498 DEBUG [Forwarding newSession on session null to remote] wire:73 - http-outgoing-0 >> "      "extensions": [][\n]"
2018-03-21 11:24:32,498 DEBUG [Forwarding newSession on session null to remote] wire:73 - http-outgoing-0 >> "    },[\n]"
2018-03-21 11:24:32,499 DEBUG [Forwarding newSession on session null to remote] wire:73 - http-outgoing-0 >> "    "version": "",[\n]"
2018-03-21 11:24:32,499 DEBUG [Forwarding newSession on session null to remote] wire:73 - http-outgoing-0 >> "    "platform": "ANY"[\n]"
2018-03-21 11:24:32,499 DEBUG [Forwarding newSession on session null to remote] wire:73 - http-outgoing-0 >> "  },[\n]"
2018-03-21 11:24:32,500 DEBUG [Forwarding newSession on session null to remote] wire:73 - http-outgoing-0 >> "  "requiredCapabilities": {},[\n]"
2018-03-21 11:24:32,500 DEBUG [Forwarding newSession on session null to remote] wire:73 - http-outgoing-0 >> "  "capabilities": {[\n]"
2018-03-21 11:24:32,500 DEBUG [Forwarding newSession on session null to remote] wire:73 - http-outgoing-0 >> "    "desiredCapabilities": {[\n]"
2018-03-21 11:24:32,500 DEBUG [Forwarding newSession on session null to remote] wire:73 - http-outgoing-0 >> "      "browserName": "chrome",[\n]"
2018-03-21 11:24:32,501 DEBUG [Forwarding newSession on session null to remote] wire:73 - http-outgoing-0 >> "      "chromeOptions": {[\n]"
2018-03-21 11:24:32,501 DEBUG [Forwarding newSession on session null to remote] wire:73 - http-outgoing-0 >> "        "args": [],[\n]"
2018-03-21 11:24:32,501 DEBUG [Forwarding newSession on session null to remote] wire:73 - http-outgoing-0 >> "        "extensions": [][\n]"
2018-03-21 11:24:32,502 DEBUG [Forwarding newSession on session null to remote] wire:73 - http-outgoing-0 >> "      },[\n]"
2018-03-21 11:24:32,502 DEBUG [Forwarding newSession on session null to remote] wire:73 - http-outgoing-0 >> "      "version": "",[\n]"
2018-03-21 11:24:32,502 DEBUG [Forwarding newSession on session null to remote] wire:73 - http-outgoing-0 >> "      "platform": "ANY"[\n]"
2018-03-21 11:24:32,502 DEBUG [Forwarding newSession on session null to remote] wire:73 - http-outgoing-0 >> "    },[\n]"
2018-03-21 11:24:32,503 DEBUG [Forwarding newSession on session null to remote] wire:73 - http-outgoing-0 >> "    "requiredCapabilities": {},[\n]"
2018-03-21 11:24:32,503 DEBUG [Forwarding newSession on session null to remote] wire:73 - http-outgoing-0 >> "    "alwaysMatch": {},[\n]"
2018-03-21 11:24:32,503 DEBUG [Forwarding newSession on session null to remote] wire:73 - http-outgoing-0 >> "    "firstMatch": [[\n]"
2018-03-21 11:24:32,504 DEBUG [Forwarding newSession on session null to remote] wire:73 - http-outgoing-0 >> "      {[\n]"
2018-03-21 11:24:32,504 DEBUG [Forwarding newSession on session null to remote] wire:73 - http-outgoing-0 >> "        "browserName": "chrome"[\n]"
2018-03-21 11:24:32,504 DEBUG [Forwarding newSession on session null to remote] wire:73 - http-outgoing-0 >> "      }[\n]"
2018-03-21 11:24:32,505 DEBUG [Forwarding newSession on session null to remote] wire:73 - http-outgoing-0 >> "    ][\n]"
2018-03-21 11:24:32,505 DEBUG [Forwarding newSession on session null to remote] wire:73 - http-outgoing-0 >> "  }[\n]"
2018-03-21 11:24:32,507 DEBUG [Forwarding newSession on session null to remote] wire:87 - http-outgoing-0 >> "}"
2018-03-21 11:24:33,878 DEBUG [Forwarding newSession on session null to remote] wire:73 - http-outgoing-0 << "HTTP/1.1 200 OK[\r][\n]"
2018-03-21 11:24:33,879 DEBUG [Forwarding newSession on session null to remote] wire:73 - http-outgoing-0 << "Content-Length:799[\r][\n]"
2018-03-21 11:24:33,880 DEBUG [Forwarding newSession on session null to remote] wire:73 - http-outgoing-0 << "Content-Type:application/json; charset=utf-8[\r][\n]"
2018-03-21 11:24:33,881 DEBUG [Forwarding newSession on session null to remote] wire:73 - http-outgoing-0 << "Connection:close[\r][\n]"
2018-03-21 11:24:33,882 DEBUG [Forwarding newSession on session null to remote] wire:73 - http-outgoing-0 << "[\r][\n]"
2018-03-21 11:24:33,882 DEBUG [Forwarding newSession on session null to remote] wire:87 - http-outgoing-0 << "{"sessionId":"d088f8724517110c49764173989f6635","status":0,"value":{"acceptSslCerts":true,"applicationCacheEnabled":false,"browserConnectionEnabled":false,"browserName":"chrome","chrome":{"chromedriverVersion":"2.34.522940 (1a76f96f66e3ca7b8e57d503b4dd3bccfba87af1)","userDataDir":"C:\\Users\\sarit\\AppData\\Local\\Temp\\scoped_dir664_24481"},"cssSelectorsEnabled":true,"databaseEnabled":false,"handlesAlerts":true,"hasTouchScreen":false,"javascriptEnabled":true,"locationContextEnabled":true,"mobileEmulationEnabled":false,"nativeEvents":true,"networkConnectionEnabled":false,"pageLoadStrategy":"normal","platform":"Windows NT","rotatable":false,"setWindowRect":true,"takesHeapSnapshot":true,"takesScreenshot":true,"unexpectedAlertBehaviour":"","version":"64.0.3282.186","webStorageEnabled":true}}"
2018-03-21 11:24:33,888 DEBUG [Forwarding newSession on session null to remote] headers:122 - http-outgoing-0 << HTTP/1.1 200 OK
2018-03-21 11:24:33,888 DEBUG [Forwarding newSession on session null to remote] headers:125 - http-outgoing-0 << Content-Length:799
2018-03-21 11:24:33,889 DEBUG [Forwarding newSession on session null to remote] headers:125 - http-outgoing-0 << Content-Type:application/json; charset=utf-8
2018-03-21 11:24:33,890 DEBUG [Forwarding newSession on session null to remote] headers:125 - http-outgoing-0 << Connection:close
2018-03-21 11:24:33,901 DEBUG [Forwarding newSession on session null to remote] DefaultManagedHttpClientConnection:79 - http-outgoing-0: Close connection
2018-03-21 11:24:33,902 DEBUG [Forwarding newSession on session null to remote] MainClientExec:104 - Connection discarded
2018-03-21 11:24:33,902 DEBUG [Forwarding newSession on session null to remote] PoolingHttpClientConnectionManager:326 - Connection released: [id: 0][route: {}->http://localhost:43581][total kept alive: 0; route allocated: 0 of 2000; total allocated: 0 of 2000]
2018-03-21 11:24:34,163 DEBUG [Forwarding maximizeCurrentWindow on session d088f8724517110c49764173989f6635 to remote] RequestAddCookies:123 - CookieSpec selected: default
2018-03-21 11:24:34,164 DEBUG [Forwarding maximizeCurrentWindow on session d088f8724517110c49764173989f6635 to remote] RequestAuthCache:77 - Auth cache not set in the context
2018-03-21 11:24:34,164 DEBUG [Forwarding maximizeCurrentWindow on session d088f8724517110c49764173989f6635 to remote] PoolingHttpClientConnectionManager:255 - Connection request: [route: {}->http://localhost:43581][total kept alive: 0; route allocated: 0 of 2000; total allocated: 0 of 2000]
2018-03-21 11:24:34,165 DEBUG [Forwarding maximizeCurrentWindow on session d088f8724517110c49764173989f6635 to remote] PoolingHttpClientConnectionManager:288 - Connection leased: [id: 1][route: {}->http://localhost:43581][total kept alive: 0; route allocated: 1 of 2000; total allocated: 1 of 2000]
2018-03-21 11:24:34,165 DEBUG [Forwarding maximizeCurrentWindow on session d088f8724517110c49764173989f6635 to remote] MainClientExec:235 - Opening connection {}->http://localhost:43581
2018-03-21 11:24:34,167 DEBUG [Forwarding maximizeCurrentWindow on session d088f8724517110c49764173989f6635 to remote] DefaultHttpClientConnectionOperator:139 - Connecting to localhost/127.0.0.1:43581
2018-03-21 11:24:34,169 DEBUG [Forwarding maximizeCurrentWindow on session d088f8724517110c49764173989f6635 to remote] DefaultHttpClientConnectionOperator:146 - Connection established 127.0.0.1:51718<->127.0.0.1:43581
2018-03-21 11:24:34,169 DEBUG [Forwarding maximizeCurrentWindow on session d088f8724517110c49764173989f6635 to remote] DefaultManagedHttpClientConnection:88 - http-outgoing-1: set socket timeout to 10800000
2018-03-21 11:24:34,170 DEBUG [Forwarding maximizeCurrentWindow on session d088f8724517110c49764173989f6635 to remote] MainClientExec:256 - Executing request POST /session/d088f8724517110c49764173989f6635/window/current/maximize HTTP/1.1
2018-03-21 11:24:34,170 DEBUG [Forwarding maximizeCurrentWindow on session d088f8724517110c49764173989f6635 to remote] MainClientExec:261 - Target auth state: UNCHALLENGED
2018-03-21 11:24:34,172 DEBUG [Forwarding maximizeCurrentWindow on session d088f8724517110c49764173989f6635 to remote] MainClientExec:267 - Proxy auth state: UNCHALLENGED
2018-03-21 11:24:34,172 DEBUG [Forwarding maximizeCurrentWindow on session d088f8724517110c49764173989f6635 to remote] headers:133 - http-outgoing-1 >> POST /session/d088f8724517110c49764173989f6635/window/current/maximize HTTP/1.1
2018-03-21 11:24:34,173 DEBUG [Forwarding maximizeCurrentWindow on session d088f8724517110c49764173989f6635 to remote] headers:136 - http-outgoing-1 >> Content-Type: application/json; charset=utf-8
2018-03-21 11:24:34,173 DEBUG [Forwarding maximizeCurrentWindow on session d088f8724517110c49764173989f6635 to remote] headers:136 - http-outgoing-1 >> Content-Length: 45
2018-03-21 11:24:34,174 DEBUG [Forwarding maximizeCurrentWindow on session d088f8724517110c49764173989f6635 to remote] headers:136 - http-outgoing-1 >> Host: localhost:43581
2018-03-21 11:24:34,175 DEBUG [Forwarding maximizeCurrentWindow on session d088f8724517110c49764173989f6635 to remote] headers:136 - http-outgoing-1 >> Connection: Keep-Alive
2018-03-21 11:24:34,175 DEBUG [Forwarding maximizeCurrentWindow on session d088f8724517110c49764173989f6635 to remote] headers:136 - http-outgoing-1 >> User-Agent: Apache-HttpClient/4.5.3 (Java/1.8.0_161)
2018-03-21 11:24:34,176 DEBUG [Forwarding maximizeCurrentWindow on session d088f8724517110c49764173989f6635 to remote] headers:136 - http-outgoing-1 >> Accept-Encoding: gzip,deflate
2018-03-21 11:24:34,176 DEBUG [Forwarding maximizeCurrentWindow on session d088f8724517110c49764173989f6635 to remote] wire:73 - http-outgoing-1 >> "POST /session/d088f8724517110c49764173989f6635/window/current/maximize HTTP/1.1[\r][\n]"
2018-03-21 11:24:34,177 DEBUG [Forwarding maximizeCurrentWindow on session d088f8724517110c49764173989f6635 to remote] wire:73 - http-outgoing-1 >> "Content-Type: application/json; charset=utf-8[\r][\n]"
2018-03-21 11:24:34,177 DEBUG [Forwarding maximizeCurrentWindow on session d088f8724517110c49764173989f6635 to remote] wire:73 - http-outgoing-1 >> "Content-Length: 45[\r][\n]"
2018-03-21 11:24:34,177 DEBUG [Forwarding maximizeCurrentWindow on session d088f8724517110c49764173989f6635 to remote] wire:73 - http-outgoing-1 >> "Host: localhost:43581[\r][\n]"
2018-03-21 11:24:34,178 DEBUG [Forwarding maximizeCurrentWindow on session d088f8724517110c49764173989f6635 to remote] wire:73 - http-outgoing-1 >> "Connection: Keep-Alive[\r][\n]"
2018-03-21 11:24:34,178 DEBUG [Forwarding maximizeCurrentWindow on session d088f8724517110c49764173989f6635 to remote] wire:73 - http-outgoing-1 >> "User-Agent: Apache-HttpClient/4.5.3 (Java/1.8.0_161)[\r][\n]"
2018-03-21 11:24:34,178 DEBUG [Forwarding maximizeCurrentWindow on session d088f8724517110c49764173989f6635 to remote] wire:73 - http-outgoing-1 >> "Accept-Encoding: gzip,deflate[\r][\n]"
2018-03-21 11:24:34,179 DEBUG [Forwarding maximizeCurrentWindow on session d088f8724517110c49764173989f6635 to remote] wire:73 - http-outgoing-1 >> "[\r][\n]"
2018-03-21 11:24:34,180 DEBUG [Forwarding maximizeCurrentWindow on session d088f8724517110c49764173989f6635 to remote] wire:87 - http-outgoing-1 >> "{"windowHandle":"current","handle":"current"}"
2018-03-21 11:24:35,345 DEBUG [Forwarding maximizeCurrentWindow on session d088f8724517110c49764173989f6635 to remote] wire:73 - http-outgoing-1 << "HTTP/1.1 200 OK[\r][\n]"
2018-03-21 11:24:35,346 DEBUG [Forwarding maximizeCurrentWindow on session d088f8724517110c49764173989f6635 to remote] wire:73 - http-outgoing-1 << "Content-Length:72[\r][\n]"
2018-03-21 11:24:35,346 DEBUG [Forwarding maximizeCurrentWindow on session d088f8724517110c49764173989f6635 to remote] wire:73 - http-outgoing-1 << "Content-Type:application/json; charset=utf-8[\r][\n]"
2018-03-21 11:24:35,347 DEBUG [Forwarding maximizeCurrentWindow on session d088f8724517110c49764173989f6635 to remote] wire:73 - http-outgoing-1 << "Connection:close[\r][\n]"
2018-03-21 11:24:35,347 DEBUG [Forwarding maximizeCurrentWindow on session d088f8724517110c49764173989f6635 to remote] wire:73 - http-outgoing-1 << "[\r][\n]"
2018-03-21 11:24:35,347 DEBUG [Forwarding maximizeCurrentWindow on session d088f8724517110c49764173989f6635 to remote] wire:87 - http-outgoing-1 << "{"sessionId":"d088f8724517110c49764173989f6635","status":0,"value":null}"
2018-03-21 11:24:35,348 DEBUG [Forwarding maximizeCurrentWindow on session d088f8724517110c49764173989f6635 to remote] headers:122 - http-outgoing-1 << HTTP/1.1 200 OK
2018-03-21 11:24:35,348 DEBUG [Forwarding maximizeCurrentWindow on session d088f8724517110c49764173989f6635 to remote] headers:125 - http-outgoing-1 << Content-Length:72
2018-03-21 11:24:35,348 DEBUG [Forwarding maximizeCurrentWindow on session d088f8724517110c49764173989f6635 to remote] headers:125 - http-outgoing-1 << Content-Type:application/json; charset=utf-8
2018-03-21 11:24:35,348 DEBUG [Forwarding maximizeCurrentWindow on session d088f8724517110c49764173989f6635 to remote] headers:125 - http-outgoing-1 << Connection:close
2018-03-21 11:24:35,349 DEBUG [Forwarding maximizeCurrentWindow on session d088f8724517110c49764173989f6635 to remote] DefaultManagedHttpClientConnection:79 - http-outgoing-1: Close connection
2018-03-21 11:24:35,349 DEBUG [Forwarding maximizeCurrentWindow on session d088f8724517110c49764173989f6635 to remote] MainClientExec:104 - Connection discarded
2018-03-21 11:24:35,350 DEBUG [Forwarding maximizeCurrentWindow on session d088f8724517110c49764173989f6635 to remote] PoolingHttpClientConnectionManager:326 - Connection released: [id: 1][route: {}->http://localhost:43581][total kept alive: 0; route allocated: 0 of 2000; total allocated: 0 of 2000]
2018-03-21 11:24:35,353 DEBUG [Forwarding deleteAllCookies on session d088f8724517110c49764173989f6635 to remote] RequestAddCookies:123 - CookieSpec selected: default
2018-03-21 11:24:35,353 DEBUG [Forwarding deleteAllCookies on session d088f8724517110c49764173989f6635 to remote] RequestAuthCache:77 - Auth cache not set in the context
2018-03-21 11:24:35,353 DEBUG [Forwarding deleteAllCookies on session d088f8724517110c49764173989f6635 to remote] PoolingHttpClientConnectionManager:255 - Connection request: [route: {}->http://localhost:43581][total kept alive: 0; route allocated: 0 of 2000; total allocated: 0 of 2000]
2018-03-21 11:24:35,354 DEBUG [Forwarding deleteAllCookies on session d088f8724517110c49764173989f6635 to remote] PoolingHttpClientConnectionManager:288 - Connection leased: [id: 2][route: {}->http://localhost:43581][total kept alive: 0; route allocated: 1 of 2000; total allocated: 1 of 2000]
2018-03-21 11:24:35,354 DEBUG [Forwarding deleteAllCookies on session d088f8724517110c49764173989f6635 to remote] MainClientExec:235 - Opening connection {}->http://localhost:43581
2018-03-21 11:24:35,354 DEBUG [Forwarding deleteAllCookies on session d088f8724517110c49764173989f6635 to remote] DefaultHttpClientConnectionOperator:139 - Connecting to localhost/127.0.0.1:43581
2018-03-21 11:24:35,355 DEBUG [Forwarding deleteAllCookies on session d088f8724517110c49764173989f6635 to remote] DefaultHttpClientConnectionOperator:146 - Connection established 127.0.0.1:51723<->127.0.0.1:43581
2018-03-21 11:24:35,356 DEBUG [Forwarding deleteAllCookies on session d088f8724517110c49764173989f6635 to remote] DefaultManagedHttpClientConnection:88 - http-outgoing-2: set socket timeout to 10800000
2018-03-21 11:24:35,356 DEBUG [Forwarding deleteAllCookies on session d088f8724517110c49764173989f6635 to remote] MainClientExec:256 - Executing request DELETE /session/d088f8724517110c49764173989f6635/cookie HTTP/1.1
2018-03-21 11:24:35,357 DEBUG [Forwarding deleteAllCookies on session d088f8724517110c49764173989f6635 to remote] MainClientExec:261 - Target auth state: UNCHALLENGED
2018-03-21 11:24:35,357 DEBUG [Forwarding deleteAllCookies on session d088f8724517110c49764173989f6635 to remote] MainClientExec:267 - Proxy auth state: UNCHALLENGED
2018-03-21 11:24:35,357 DEBUG [Forwarding deleteAllCookies on session d088f8724517110c49764173989f6635 to remote] headers:133 - http-outgoing-2 >> DELETE /session/d088f8724517110c49764173989f6635/cookie HTTP/1.1
2018-03-21 11:24:35,357 DEBUG [Forwarding deleteAllCookies on session d088f8724517110c49764173989f6635 to remote] headers:136 - http-outgoing-2 >> Host: localhost:43581
2018-03-21 11:24:35,358 DEBUG [Forwarding deleteAllCookies on session d088f8724517110c49764173989f6635 to remote] headers:136 - http-outgoing-2 >> Connection: Keep-Alive
2018-03-21 11:24:35,358 DEBUG [Forwarding deleteAllCookies on session d088f8724517110c49764173989f6635 to remote] headers:136 - http-outgoing-2 >> User-Agent: Apache-HttpClient/4.5.3 (Java/1.8.0_161)
2018-03-21 11:24:35,359 DEBUG [Forwarding deleteAllCookies on session d088f8724517110c49764173989f6635 to remote] headers:136 - http-outgoing-2 >> Accept-Encoding: gzip,deflate
2018-03-21 11:24:35,359 DEBUG [Forwarding deleteAllCookies on session d088f8724517110c49764173989f6635 to remote] wire:73 - http-outgoing-2 >> "DELETE /session/d088f8724517110c49764173989f6635/cookie HTTP/1.1[\r][\n]"
2018-03-21 11:24:35,360 DEBUG [Forwarding deleteAllCookies on session d088f8724517110c49764173989f6635 to remote] wire:73 - http-outgoing-2 >> "Host: localhost:43581[\r][\n]"
2018-03-21 11:24:35,362 DEBUG [Forwarding deleteAllCookies on session d088f8724517110c49764173989f6635 to remote] wire:73 - http-outgoing-2 >> "Connection: Keep-Alive[\r][\n]"
2018-03-21 11:24:35,363 DEBUG [Forwarding deleteAllCookies on session d088f8724517110c49764173989f6635 to remote] wire:73 - http-outgoing-2 >> "User-Agent: Apache-HttpClient/4.5.3 (Java/1.8.0_161)[\r][\n]"
2018-03-21 11:24:35,363 DEBUG [Forwarding deleteAllCookies on session d088f8724517110c49764173989f6635 to remote] wire:73 - http-outgoing-2 >> "Accept-Encoding: gzip,deflate[\r][\n]"
2018-03-21 11:24:35,364 DEBUG [Forwarding deleteAllCookies on session d088f8724517110c49764173989f6635 to remote] wire:73 - http-outgoing-2 >> "[\r][\n]"
2018-03-21 11:24:36,219 DEBUG [Forwarding deleteAllCookies on session d088f8724517110c49764173989f6635 to remote] wire:73 - http-outgoing-2 << "HTTP/1.1 200 OK[\r][\n]"
2018-03-21 11:24:36,221 DEBUG [Forwarding deleteAllCookies on session d088f8724517110c49764173989f6635 to remote] wire:73 - http-outgoing-2 << "Content-Length:72[\r][\n]"
2018-03-21 11:24:36,224 DEBUG [Forwarding deleteAllCookies on session d088f8724517110c49764173989f6635 to remote] wire:73 - http-outgoing-2 << "Content-Type:application/json; charset=utf-8[\r][\n]"
2018-03-21 11:24:36,225 DEBUG [Forwarding deleteAllCookies on session d088f8724517110c49764173989f6635 to remote] wire:73 - http-outgoing-2 << "Connection:close[\r][\n]"
2018-03-21 11:24:36,227 DEBUG [Forwarding deleteAllCookies on session d088f8724517110c49764173989f6635 to remote] wire:73 - http-outgoing-2 << "[\r][\n]"
2018-03-21 11:24:36,229 DEBUG [Forwarding deleteAllCookies on session d088f8724517110c49764173989f6635 to remote] wire:87 - http-outgoing-2 << "{"sessionId":"d088f8724517110c49764173989f6635","status":0,"value":null}"
2018-03-21 11:24:36,231 DEBUG [Forwarding deleteAllCookies on session d088f8724517110c49764173989f6635 to remote] headers:122 - http-outgoing-2 << HTTP/1.1 200 OK
2018-03-21 11:24:36,232 DEBUG [Forwarding deleteAllCookies on session d088f8724517110c49764173989f6635 to remote] headers:125 - http-outgoing-2 << Content-Length:72
2018-03-21 11:24:36,233 DEBUG [Forwarding deleteAllCookies on session d088f8724517110c49764173989f6635 to remote] headers:125 - http-outgoing-2 << Content-Type:application/json; charset=utf-8
2018-03-21 11:24:36,234 DEBUG [Forwarding deleteAllCookies on session d088f8724517110c49764173989f6635 to remote] headers:125 - http-outgoing-2 << Connection:close
2018-03-21 11:24:36,237 DEBUG [Forwarding deleteAllCookies on session d088f8724517110c49764173989f6635 to remote] DefaultManagedHttpClientConnection:79 - http-outgoing-2: Close connection
2018-03-21 11:24:36,239 DEBUG [Forwarding deleteAllCookies on session d088f8724517110c49764173989f6635 to remote] MainClientExec:104 - Connection discarded
2018-03-21 11:24:36,241 DEBUG [Forwarding deleteAllCookies on session d088f8724517110c49764173989f6635 to remote] PoolingHttpClientConnectionManager:326 - Connection released: [id: 2][route: {}->http://localhost:43581][total kept alive: 0; route allocated: 0 of 2000; total allocated: 0 of 2000]
2018-03-21 11:24:36,247 DEBUG [Forwarding setTimeout on session d088f8724517110c49764173989f6635 to remote] RequestAddCookies:123 - CookieSpec selected: default
2018-03-21 11:24:36,247 DEBUG [Forwarding setTimeout on session d088f8724517110c49764173989f6635 to remote] RequestAuthCache:77 - Auth cache not set in the context
2018-03-21 11:24:36,248 DEBUG [Forwarding setTimeout on session d088f8724517110c49764173989f6635 to remote] PoolingHttpClientConnectionManager:255 - Connection request: [route: {}->http://localhost:43581][total kept alive: 0; route allocated: 0 of 2000; total allocated: 0 of 2000]
2018-03-21 11:24:36,248 DEBUG [Forwarding setTimeout on session d088f8724517110c49764173989f6635 to remote] PoolingHttpClientConnectionManager:288 - Connection leased: [id: 3][route: {}->http://localhost:43581][total kept alive: 0; route allocated: 1 of 2000; total allocated: 1 of 2000]
2018-03-21 11:24:36,249 DEBUG [Forwarding setTimeout on session d088f8724517110c49764173989f6635 to remote] MainClientExec:235 - Opening connection {}->http://localhost:43581
2018-03-21 11:24:36,249 DEBUG [Forwarding setTimeout on session d088f8724517110c49764173989f6635 to remote] DefaultHttpClientConnectionOperator:139 - Connecting to localhost/127.0.0.1:43581
2018-03-21 11:24:36,251 DEBUG [Forwarding setTimeout on session d088f8724517110c49764173989f6635 to remote] DefaultHttpClientConnectionOperator:146 - Connection established 127.0.0.1:51726<->127.0.0.1:43581
2018-03-21 11:24:36,252 DEBUG [Forwarding setTimeout on session d088f8724517110c49764173989f6635 to remote] DefaultManagedHttpClientConnection:88 - http-outgoing-3: set socket timeout to 10800000
2018-03-21 11:24:36,252 DEBUG [Forwarding setTimeout on session d088f8724517110c49764173989f6635 to remote] MainClientExec:256 - Executing request POST /session/d088f8724517110c49764173989f6635/timeouts HTTP/1.1
2018-03-21 11:24:36,253 DEBUG [Forwarding setTimeout on session d088f8724517110c49764173989f6635 to remote] MainClientExec:261 - Target auth state: UNCHALLENGED
2018-03-21 11:24:36,253 DEBUG [Forwarding setTimeout on session d088f8724517110c49764173989f6635 to remote] MainClientExec:267 - Proxy auth state: UNCHALLENGED
2018-03-21 11:24:36,254 DEBUG [Forwarding setTimeout on session d088f8724517110c49764173989f6635 to remote] headers:133 - http-outgoing-3 >> POST /session/d088f8724517110c49764173989f6635/timeouts HTTP/1.1
2018-03-21 11:24:36,255 DEBUG [Forwarding setTimeout on session d088f8724517110c49764173989f6635 to remote] headers:136 - http-outgoing-3 >> Content-Type: application/json; charset=utf-8
2018-03-21 11:24:36,255 DEBUG [Forwarding setTimeout on session d088f8724517110c49764173989f6635 to remote] headers:136 - http-outgoing-3 >> Content-Length: 31
2018-03-21 11:24:36,256 DEBUG [Forwarding setTimeout on session d088f8724517110c49764173989f6635 to remote] headers:136 - http-outgoing-3 >> Host: localhost:43581
2018-03-21 11:24:36,257 DEBUG [Forwarding setTimeout on session d088f8724517110c49764173989f6635 to remote] headers:136 - http-outgoing-3 >> Connection: Keep-Alive
2018-03-21 11:24:36,257 DEBUG [Forwarding setTimeout on session d088f8724517110c49764173989f6635 to remote] headers:136 - http-outgoing-3 >> User-Agent: Apache-HttpClient/4.5.3 (Java/1.8.0_161)
2018-03-21 11:24:36,258 DEBUG [Forwarding setTimeout on session d088f8724517110c49764173989f6635 to remote] headers:136 - http-outgoing-3 >> Accept-Encoding: gzip,deflate
2018-03-21 11:24:36,258 DEBUG [Forwarding setTimeout on session d088f8724517110c49764173989f6635 to remote] wire:73 - http-outgoing-3 >> "POST /session/d088f8724517110c49764173989f6635/timeouts HTTP/1.1[\r][\n]"
2018-03-21 11:24:36,260 DEBUG [Forwarding setTimeout on session d088f8724517110c49764173989f6635 to remote] wire:73 - http-outgoing-3 >> "Content-Type: application/json; charset=utf-8[\r][\n]"
2018-03-21 11:24:36,261 DEBUG [Forwarding setTimeout on session d088f8724517110c49764173989f6635 to remote] wire:73 - http-outgoing-3 >> "Content-Length: 31[\r][\n]"
2018-03-21 11:24:36,261 DEBUG [Forwarding setTimeout on session d088f8724517110c49764173989f6635 to remote] wire:73 - http-outgoing-3 >> "Host: localhost:43581[\r][\n]"
2018-03-21 11:24:36,262 DEBUG [Forwarding setTimeout on session d088f8724517110c49764173989f6635 to remote] wire:73 - http-outgoing-3 >> "Connection: Keep-Alive[\r][\n]"
2018-03-21 11:24:36,263 DEBUG [Forwarding setTimeout on session d088f8724517110c49764173989f6635 to remote] wire:73 - http-outgoing-3 >> "User-Agent: Apache-HttpClient/4.5.3 (Java/1.8.0_161)[\r][\n]"
2018-03-21 11:24:36,263 DEBUG [Forwarding setTimeout on session d088f8724517110c49764173989f6635 to remote] wire:73 - http-outgoing-3 >> "Accept-Encoding: gzip,deflate[\r][\n]"
2018-03-21 11:24:36,264 DEBUG [Forwarding setTimeout on session d088f8724517110c49764173989f6635 to remote] wire:73 - http-outgoing-3 >> "[\r][\n]"
2018-03-21 11:24:36,265 DEBUG [Forwarding setTimeout on session d088f8724517110c49764173989f6635 to remote] wire:87 - http-outgoing-3 >> "{"type":"page load","ms":20000}"
2018-03-21 11:24:36,266 DEBUG [Forwarding setTimeout on session d088f8724517110c49764173989f6635 to remote] wire:73 - http-outgoing-3 << "HTTP/1.1 200 OK[\r][\n]"
2018-03-21 11:24:36,267 DEBUG [Forwarding setTimeout on session d088f8724517110c49764173989f6635 to remote] wire:73 - http-outgoing-3 << "Content-Length:72[\r][\n]"
2018-03-21 11:24:36,267 DEBUG [Forwarding setTimeout on session d088f8724517110c49764173989f6635 to remote] wire:73 - http-outgoing-3 << "Content-Type:application/json; charset=utf-8[\r][\n]"
2018-03-21 11:24:36,268 DEBUG [Forwarding setTimeout on session d088f8724517110c49764173989f6635 to remote] wire:73 - http-outgoing-3 << "Connection:close[\r][\n]"
2018-03-21 11:24:36,269 DEBUG [Forwarding setTimeout on session d088f8724517110c49764173989f6635 to remote] wire:73 - http-outgoing-3 << "[\r][\n]"
2018-03-21 11:24:36,269 DEBUG [Forwarding setTimeout on session d088f8724517110c49764173989f6635 to remote] wire:87 - http-outgoing-3 << "{"sessionId":"d088f8724517110c49764173989f6635","status":0,"value":null}"
2018-03-21 11:24:36,270 DEBUG [Forwarding setTimeout on session d088f8724517110c49764173989f6635 to remote] headers:122 - http-outgoing-3 << HTTP/1.1 200 OK
2018-03-21 11:24:36,271 DEBUG [Forwarding setTimeout on session d088f8724517110c49764173989f6635 to remote] headers:125 - http-outgoing-3 << Content-Length:72
2018-03-21 11:24:36,271 DEBUG [Forwarding setTimeout on session d088f8724517110c49764173989f6635 to remote] headers:125 - http-outgoing-3 << Content-Type:application/json; charset=utf-8
2018-03-21 11:24:36,271 DEBUG [Forwarding setTimeout on session d088f8724517110c49764173989f6635 to remote] headers:125 - http-outgoing-3 << Connection:close
2018-03-21 11:24:36,272 DEBUG [Forwarding setTimeout on session d088f8724517110c49764173989f6635 to remote] DefaultManagedHttpClientConnection:79 - http-outgoing-3: Close connection
2018-03-21 11:24:36,272 DEBUG [Forwarding setTimeout on session d088f8724517110c49764173989f6635 to remote] MainClientExec:104 - Connection discarded
2018-03-21 11:24:36,273 DEBUG [Forwarding setTimeout on session d088f8724517110c49764173989f6635 to remote] PoolingHttpClientConnectionManager:326 - Connection released: [id: 3][route: {}->http://localhost:43581][total kept alive: 0; route allocated: 0 of 2000; total allocated: 0 of 2000]
2018-03-21 11:24:36,279 DEBUG [Forwarding setTimeout on session d088f8724517110c49764173989f6635 to remote] RequestAddCookies:123 - CookieSpec selected: default
2018-03-21 11:24:36,280 DEBUG [Forwarding setTimeout on session d088f8724517110c49764173989f6635 to remote] RequestAuthCache:77 - Auth cache not set in the context
2018-03-21 11:24:36,280 DEBUG [Forwarding setTimeout on session d088f8724517110c49764173989f6635 to remote] PoolingHttpClientConnectionManager:255 - Connection request: [route: {}->http://localhost:43581][total kept alive: 0; route allocated: 0 of 2000; total allocated: 0 of 2000]
2018-03-21 11:24:36,280 DEBUG [Forwarding setTimeout on session d088f8724517110c49764173989f6635 to remote] PoolingHttpClientConnectionManager:288 - Connection leased: [id: 4][route: {}->http://localhost:43581][total kept alive: 0; route allocated: 1 of 2000; total allocated: 1 of 2000]
2018-03-21 11:24:36,281 DEBUG [Forwarding setTimeout on session d088f8724517110c49764173989f6635 to remote] MainClientExec:235 - Opening connection {}->http://localhost:43581
2018-03-21 11:24:36,281 DEBUG [Forwarding setTimeout on session d088f8724517110c49764173989f6635 to remote] DefaultHttpClientConnectionOperator:139 - Connecting to localhost/127.0.0.1:43581
2018-03-21 11:24:36,283 DEBUG [Forwarding setTimeout on session d088f8724517110c49764173989f6635 to remote] DefaultHttpClientConnectionOperator:146 - Connection established 127.0.0.1:51727<->127.0.0.1:43581
2018-03-21 11:24:36,283 DEBUG [Forwarding setTimeout on session d088f8724517110c49764173989f6635 to remote] DefaultManagedHttpClientConnection:88 - http-outgoing-4: set socket timeout to 10800000
2018-03-21 11:24:36,284 DEBUG [Forwarding setTimeout on session d088f8724517110c49764173989f6635 to remote] MainClientExec:256 - Executing request POST /session/d088f8724517110c49764173989f6635/timeouts HTTP/1.1
2018-03-21 11:24:36,284 DEBUG [Forwarding setTimeout on session d088f8724517110c49764173989f6635 to remote] MainClientExec:261 - Target auth state: UNCHALLENGED
2018-03-21 11:24:36,284 DEBUG [Forwarding setTimeout on session d088f8724517110c49764173989f6635 to remote] MainClientExec:267 - Proxy auth state: UNCHALLENGED
2018-03-21 11:24:36,285 DEBUG [Forwarding setTimeout on session d088f8724517110c49764173989f6635 to remote] headers:133 - http-outgoing-4 >> POST /session/d088f8724517110c49764173989f6635/timeouts HTTP/1.1
2018-03-21 11:24:36,285 DEBUG [Forwarding setTimeout on session d088f8724517110c49764173989f6635 to remote] headers:136 - http-outgoing-4 >> Content-Type: application/json; charset=utf-8
2018-03-21 11:24:36,286 DEBUG [Forwarding setTimeout on session d088f8724517110c49764173989f6635 to remote] headers:136 - http-outgoing-4 >> Content-Length: 30
2018-03-21 11:24:36,286 DEBUG [Forwarding setTimeout on session d088f8724517110c49764173989f6635 to remote] headers:136 - http-outgoing-4 >> Host: localhost:43581
2018-03-21 11:24:36,288 DEBUG [Forwarding setTimeout on session d088f8724517110c49764173989f6635 to remote] headers:136 - http-outgoing-4 >> Connection: Keep-Alive
2018-03-21 11:24:36,288 DEBUG [Forwarding setTimeout on session d088f8724517110c49764173989f6635 to remote] headers:136 - http-outgoing-4 >> User-Agent: Apache-HttpClient/4.5.3 (Java/1.8.0_161)
2018-03-21 11:24:36,288 DEBUG [Forwarding setTimeout on session d088f8724517110c49764173989f6635 to remote] headers:136 - http-outgoing-4 >> Accept-Encoding: gzip,deflate
2018-03-21 11:24:36,289 DEBUG [Forwarding setTimeout on session d088f8724517110c49764173989f6635 to remote] wire:73 - http-outgoing-4 >> "POST /session/d088f8724517110c49764173989f6635/timeouts HTTP/1.1[\r][\n]"
2018-03-21 11:24:36,289 DEBUG [Forwarding setTimeout on session d088f8724517110c49764173989f6635 to remote] wire:73 - http-outgoing-4 >> "Content-Type: application/json; charset=utf-8[\r][\n]"
2018-03-21 11:24:36,290 DEBUG [Forwarding setTimeout on session d088f8724517110c49764173989f6635 to remote] wire:73 - http-outgoing-4 >> "Content-Length: 30[\r][\n]"
2018-03-21 11:24:36,290 DEBUG [Forwarding setTimeout on session d088f8724517110c49764173989f6635 to remote] wire:73 - http-outgoing-4 >> "Host: localhost:43581[\r][\n]"
2018-03-21 11:24:36,291 DEBUG [Forwarding setTimeout on session d088f8724517110c49764173989f6635 to remote] wire:73 - http-outgoing-4 >> "Connection: Keep-Alive[\r][\n]"
2018-03-21 11:24:36,291 DEBUG [Forwarding setTimeout on session d088f8724517110c49764173989f6635 to remote] wire:73 - http-outgoing-4 >> "User-Agent: Apache-HttpClient/4.5.3 (Java/1.8.0_161)[\r][\n]"
2018-03-21 11:24:36,291 DEBUG [Forwarding setTimeout on session d088f8724517110c49764173989f6635 to remote] wire:73 - http-outgoing-4 >> "Accept-Encoding: gzip,deflate[\r][\n]"
2018-03-21 11:24:36,291 DEBUG [Forwarding setTimeout on session d088f8724517110c49764173989f6635 to remote] wire:73 - http-outgoing-4 >> "[\r][\n]"
2018-03-21 11:24:36,292 DEBUG [Forwarding setTimeout on session d088f8724517110c49764173989f6635 to remote] wire:87 - http-outgoing-4 >> "{"type":"implicit","ms":10000}"
2018-03-21 11:24:36,296 DEBUG [Forwarding setTimeout on session d088f8724517110c49764173989f6635 to remote] wire:73 - http-outgoing-4 << "HTTP/1.1 200 OK[\r][\n]"
2018-03-21 11:24:36,296 DEBUG [Forwarding setTimeout on session d088f8724517110c49764173989f6635 to remote] wire:73 - http-outgoing-4 << "Content-Length:72[\r][\n]"
2018-03-21 11:24:36,297 DEBUG [Forwarding setTimeout on session d088f8724517110c49764173989f6635 to remote] wire:73 - http-outgoing-4 << "Content-Type:application/json; charset=utf-8[\r][\n]"
2018-03-21 11:24:36,297 DEBUG [Forwarding setTimeout on session d088f8724517110c49764173989f6635 to remote] wire:73 - http-outgoing-4 << "Connection:close[\r][\n]"
2018-03-21 11:24:36,297 DEBUG [Forwarding setTimeout on session d088f8724517110c49764173989f6635 to remote] wire:73 - http-outgoing-4 << "[\r][\n]"
2018-03-21 11:24:36,298 DEBUG [Forwarding setTimeout on session d088f8724517110c49764173989f6635 to remote] wire:87 - http-outgoing-4 << "{"sessionId":"d088f8724517110c49764173989f6635","status":0,"value":null}"
2018-03-21 11:24:36,298 DEBUG [Forwarding setTimeout on session d088f8724517110c49764173989f6635 to remote] headers:122 - http-outgoing-4 << HTTP/1.1 200 OK
2018-03-21 11:24:36,298 DEBUG [Forwarding setTimeout on session d088f8724517110c49764173989f6635 to remote] headers:125 - http-outgoing-4 << Content-Length:72
2018-03-21 11:24:36,298 DEBUG [Forwarding setTimeout on session d088f8724517110c49764173989f6635 to remote] headers:125 - http-outgoing-4 << Content-Type:application/json; charset=utf-8
2018-03-21 11:24:36,299 DEBUG [Forwarding setTimeout on session d088f8724517110c49764173989f6635 to remote] headers:125 - http-outgoing-4 << Connection:close
2018-03-21 11:24:36,299 DEBUG [Forwarding setTimeout on session d088f8724517110c49764173989f6635 to remote] DefaultManagedHttpClientConnection:79 - http-outgoing-4: Close connection
2018-03-21 11:24:36,299 DEBUG [Forwarding setTimeout on session d088f8724517110c49764173989f6635 to remote] MainClientExec:104 - Connection discarded
2018-03-21 11:24:36,300 DEBUG [Forwarding setTimeout on session d088f8724517110c49764173989f6635 to remote] PoolingHttpClientConnectionManager:326 - Connection released: [id: 4][route: {}->http://localhost:43581][total kept alive: 0; route allocated: 0 of 2000; total allocated: 0 of 2000]
2018-03-21 11:24:36,301 DEBUG [Forwarding get on session d088f8724517110c49764173989f6635 to remote] RequestAddCookies:123 - CookieSpec selected: default
2018-03-21 11:24:36,301 DEBUG [Forwarding get on session d088f8724517110c49764173989f6635 to remote] RequestAuthCache:77 - Auth cache not set in the context
2018-03-21 11:24:36,302 DEBUG [Forwarding get on session d088f8724517110c49764173989f6635 to remote] PoolingHttpClientConnectionManager:255 - Connection request: [route: {}->http://localhost:43581][total kept alive: 0; route allocated: 0 of 2000; total allocated: 0 of 2000]
2018-03-21 11:24:36,302 DEBUG [Forwarding get on session d088f8724517110c49764173989f6635 to remote] PoolingHttpClientConnectionManager:288 - Connection leased: [id: 5][route: {}->http://localhost:43581][total kept alive: 0; route allocated: 1 of 2000; total allocated: 1 of 2000]
2018-03-21 11:24:36,302 DEBUG [Forwarding get on session d088f8724517110c49764173989f6635 to remote] MainClientExec:235 - Opening connection {}->http://localhost:43581
2018-03-21 11:24:36,302 DEBUG [Forwarding get on session d088f8724517110c49764173989f6635 to remote] DefaultHttpClientConnectionOperator:139 - Connecting to localhost/127.0.0.1:43581
2018-03-21 11:24:36,303 DEBUG [Forwarding get on session d088f8724517110c49764173989f6635 to remote] DefaultHttpClientConnectionOperator:146 - Connection established 127.0.0.1:51728<->127.0.0.1:43581
2018-03-21 11:24:36,303 DEBUG [Forwarding get on session d088f8724517110c49764173989f6635 to remote] DefaultManagedHttpClientConnection:88 - http-outgoing-5: set socket timeout to 10800000
2018-03-21 11:24:36,303 DEBUG [Forwarding get on session d088f8724517110c49764173989f6635 to remote] MainClientExec:256 - Executing request POST /session/d088f8724517110c49764173989f6635/url HTTP/1.1
2018-03-21 11:24:36,304 DEBUG [Forwarding get on session d088f8724517110c49764173989f6635 to remote] MainClientExec:261 - Target auth state: UNCHALLENGED
2018-03-21 11:24:36,304 DEBUG [Forwarding get on session d088f8724517110c49764173989f6635 to remote] MainClientExec:267 - Proxy auth state: UNCHALLENGED
2018-03-21 11:24:36,304 DEBUG [Forwarding get on session d088f8724517110c49764173989f6635 to remote] headers:133 - http-outgoing-5 >> POST /session/d088f8724517110c49764173989f6635/url HTTP/1.1
2018-03-21 11:24:36,305 DEBUG [Forwarding get on session d088f8724517110c49764173989f6635 to remote] headers:136 - http-outgoing-5 >> Content-Type: application/json; charset=utf-8
2018-03-21 11:24:36,306 DEBUG [Forwarding get on session d088f8724517110c49764173989f6635 to remote] headers:136 - http-outgoing-5 >> Content-Length: 43
2018-03-21 11:24:36,306 DEBUG [Forwarding get on session d088f8724517110c49764173989f6635 to remote] headers:136 - http-outgoing-5 >> Host: localhost:43581
2018-03-21 11:24:36,308 DEBUG [Forwarding get on session d088f8724517110c49764173989f6635 to remote] headers:136 - http-outgoing-5 >> Connection: Keep-Alive
2018-03-21 11:24:36,308 DEBUG [Forwarding get on session d088f8724517110c49764173989f6635 to remote] headers:136 - http-outgoing-5 >> User-Agent: Apache-HttpClient/4.5.3 (Java/1.8.0_161)
2018-03-21 11:24:36,308 DEBUG [Forwarding get on session d088f8724517110c49764173989f6635 to remote] headers:136 - http-outgoing-5 >> Accept-Encoding: gzip,deflate
2018-03-21 11:24:36,309 DEBUG [Forwarding get on session d088f8724517110c49764173989f6635 to remote] wire:73 - http-outgoing-5 >> "POST /session/d088f8724517110c49764173989f6635/url HTTP/1.1[\r][\n]"
2018-03-21 11:24:36,310 DEBUG [Forwarding get on session d088f8724517110c49764173989f6635 to remote] wire:73 - http-outgoing-5 >> "Content-Type: application/json; charset=utf-8[\r][\n]"
2018-03-21 11:24:36,310 DEBUG [Forwarding get on session d088f8724517110c49764173989f6635 to remote] wire:73 - http-outgoing-5 >> "Content-Length: 43[\r][\n]"
2018-03-21 11:24:36,311 DEBUG [Forwarding get on session d088f8724517110c49764173989f6635 to remote] wire:73 - http-outgoing-5 >> "Host: localhost:43581[\r][\n]"
2018-03-21 11:24:36,311 DEBUG [Forwarding get on session d088f8724517110c49764173989f6635 to remote] wire:73 - http-outgoing-5 >> "Connection: Keep-Alive[\r][\n]"
2018-03-21 11:24:36,311 DEBUG [Forwarding get on session d088f8724517110c49764173989f6635 to remote] wire:73 - http-outgoing-5 >> "User-Agent: Apache-HttpClient/4.5.3 (Java/1.8.0_161)[\r][\n]"
2018-03-21 11:24:36,312 DEBUG [Forwarding get on session d088f8724517110c49764173989f6635 to remote] wire:73 - http-outgoing-5 >> "Accept-Encoding: gzip,deflate[\r][\n]"
2018-03-21 11:24:36,314 DEBUG [Forwarding get on session d088f8724517110c49764173989f6635 to remote] wire:73 - http-outgoing-5 >> "[\r][\n]"
2018-03-21 11:24:36,314 DEBUG [Forwarding get on session d088f8724517110c49764173989f6635 to remote] wire:87 - http-outgoing-5 >> "{"url":"http://live.guru99.com/index.php/"}"
2018-03-21 11:24:38,123 DEBUG [Forwarding get on session d088f8724517110c49764173989f6635 to remote] wire:73 - http-outgoing-5 << "HTTP/1.1 200 OK[\r][\n]"
2018-03-21 11:24:38,124 DEBUG [Forwarding get on session d088f8724517110c49764173989f6635 to remote] wire:73 - http-outgoing-5 << "Content-Length:72[\r][\n]"
2018-03-21 11:24:38,125 DEBUG [Forwarding get on session d088f8724517110c49764173989f6635 to remote] wire:73 - http-outgoing-5 << "Content-Type:application/json; charset=utf-8[\r][\n]"
2018-03-21 11:24:38,125 DEBUG [Forwarding get on session d088f8724517110c49764173989f6635 to remote] wire:73 - http-outgoing-5 << "Connection:close[\r][\n]"
2018-03-21 11:24:38,126 DEBUG [Forwarding get on session d088f8724517110c49764173989f6635 to remote] wire:73 - http-outgoing-5 << "[\r][\n]"
2018-03-21 11:24:38,126 DEBUG [Forwarding get on session d088f8724517110c49764173989f6635 to remote] wire:87 - http-outgoing-5 << "{"sessionId":"d088f8724517110c49764173989f6635","status":0,"value":null}"
2018-03-21 11:24:38,126 DEBUG [Forwarding get on session d088f8724517110c49764173989f6635 to remote] headers:122 - http-outgoing-5 << HTTP/1.1 200 OK
2018-03-21 11:24:38,127 DEBUG [Forwarding get on session d088f8724517110c49764173989f6635 to remote] headers:125 - http-outgoing-5 << Content-Length:72
2018-03-21 11:24:38,127 DEBUG [Forwarding get on session d088f8724517110c49764173989f6635 to remote] headers:125 - http-outgoing-5 << Content-Type:application/json; charset=utf-8
2018-03-21 11:24:38,127 DEBUG [Forwarding get on session d088f8724517110c49764173989f6635 to remote] headers:125 - http-outgoing-5 << Connection:close
2018-03-21 11:24:38,127 DEBUG [Forwarding get on session d088f8724517110c49764173989f6635 to remote] DefaultManagedHttpClientConnection:79 - http-outgoing-5: Close connection
2018-03-21 11:24:38,128 DEBUG [Forwarding get on session d088f8724517110c49764173989f6635 to remote] MainClientExec:104 - Connection discarded
2018-03-21 11:24:38,128 DEBUG [Forwarding get on session d088f8724517110c49764173989f6635 to remote] PoolingHttpClientConnectionManager:326 - Connection released: [id: 5][route: {}->http://localhost:43581][total kept alive: 0; route allocated: 0 of 2000; total allocated: 0 of 2000]
2018-03-21 11:24:38,205 DEBUG [Forwarding findElement on session d088f8724517110c49764173989f6635 to remote] RequestAddCookies:123 - CookieSpec selected: default
2018-03-21 11:24:38,205 DEBUG [Forwarding findElement on session d088f8724517110c49764173989f6635 to remote] RequestAuthCache:77 - Auth cache not set in the context
2018-03-21 11:24:38,207 DEBUG [Forwarding findElement on session d088f8724517110c49764173989f6635 to remote] PoolingHttpClientConnectionManager:255 - Connection request: [route: {}->http://localhost:43581][total kept alive: 0; route allocated: 0 of 2000; total allocated: 0 of 2000]
2018-03-21 11:24:38,208 DEBUG [Forwarding findElement on session d088f8724517110c49764173989f6635 to remote] PoolingHttpClientConnectionManager:288 - Connection leased: [id: 6][route: {}->http://localhost:43581][total kept alive: 0; route allocated: 1 of 2000; total allocated: 1 of 2000]
2018-03-21 11:24:38,208 DEBUG [Forwarding findElement on session d088f8724517110c49764173989f6635 to remote] MainClientExec:235 - Opening connection {}->http://localhost:43581
2018-03-21 11:24:38,208 DEBUG [Forwarding findElement on session d088f8724517110c49764173989f6635 to remote] DefaultHttpClientConnectionOperator:139 - Connecting to localhost/127.0.0.1:43581
2018-03-21 11:24:38,209 DEBUG [Forwarding findElement on session d088f8724517110c49764173989f6635 to remote] DefaultHttpClientConnectionOperator:146 - Connection established 127.0.0.1:51743<->127.0.0.1:43581
2018-03-21 11:24:38,210 DEBUG [Forwarding findElement on session d088f8724517110c49764173989f6635 to remote] DefaultManagedHttpClientConnection:88 - http-outgoing-6: set socket timeout to 10800000
2018-03-21 11:24:38,210 DEBUG [Forwarding findElement on session d088f8724517110c49764173989f6635 to remote] MainClientExec:256 - Executing request POST /session/d088f8724517110c49764173989f6635/element HTTP/1.1
2018-03-21 11:24:38,210 DEBUG [Forwarding findElement on session d088f8724517110c49764173989f6635 to remote] MainClientExec:261 - Target auth state: UNCHALLENGED
2018-03-21 11:24:38,210 DEBUG [Forwarding findElement on session d088f8724517110c49764173989f6635 to remote] MainClientExec:267 - Proxy auth state: UNCHALLENGED
2018-03-21 11:24:38,210 DEBUG [Forwarding findElement on session d088f8724517110c49764173989f6635 to remote] headers:133 - http-outgoing-6 >> POST /session/d088f8724517110c49764173989f6635/element HTTP/1.1
2018-03-21 11:24:38,211 DEBUG [Forwarding findElement on session d088f8724517110c49764173989f6635 to remote] headers:136 - http-outgoing-6 >> Content-Type: application/json; charset=utf-8
2018-03-21 11:24:38,211 DEBUG [Forwarding findElement on session d088f8724517110c49764173989f6635 to remote] headers:136 - http-outgoing-6 >> Content-Length: 48
2018-03-21 11:24:38,211 DEBUG [Forwarding findElement on session d088f8724517110c49764173989f6635 to remote] headers:136 - http-outgoing-6 >> Host: localhost:43581
2018-03-21 11:24:38,211 DEBUG [Forwarding findElement on session d088f8724517110c49764173989f6635 to remote] headers:136 - http-outgoing-6 >> Connection: Keep-Alive
2018-03-21 11:24:38,211 DEBUG [Forwarding findElement on session d088f8724517110c49764173989f6635 to remote] headers:136 - http-outgoing-6 >> User-Agent: Apache-HttpClient/4.5.3 (Java/1.8.0_161)
2018-03-21 11:24:38,218 DEBUG [Forwarding findElement on session d088f8724517110c49764173989f6635 to remote] headers:136 - http-outgoing-6 >> Accept-Encoding: gzip,deflate
2018-03-21 11:24:38,218 DEBUG [Forwarding findElement on session d088f8724517110c49764173989f6635 to remote] wire:73 - http-outgoing-6 >> "POST /session/d088f8724517110c49764173989f6635/element HTTP/1.1[\r][\n]"
2018-03-21 11:24:38,219 DEBUG [Forwarding findElement on session d088f8724517110c49764173989f6635 to remote] wire:73 - http-outgoing-6 >> "Content-Type: application/json; charset=utf-8[\r][\n]"
2018-03-21 11:24:38,219 DEBUG [Forwarding findElement on session d088f8724517110c49764173989f6635 to remote] wire:73 - http-outgoing-6 >> "Content-Length: 48[\r][\n]"
2018-03-21 11:24:38,219 DEBUG [Forwarding findElement on session d088f8724517110c49764173989f6635 to remote] wire:73 - http-outgoing-6 >> "Host: localhost:43581[\r][\n]"
2018-03-21 11:24:38,219 DEBUG [Forwarding findElement on session d088f8724517110c49764173989f6635 to remote] wire:73 - http-outgoing-6 >> "Connection: Keep-Alive[\r][\n]"
2018-03-21 11:24:38,220 DEBUG [Forwarding findElement on session d088f8724517110c49764173989f6635 to remote] wire:73 - http-outgoing-6 >> "User-Agent: Apache-HttpClient/4.5.3 (Java/1.8.0_161)[\r][\n]"
2018-03-21 11:24:38,220 DEBUG [Forwarding findElement on session d088f8724517110c49764173989f6635 to remote] wire:73 - http-outgoing-6 >> "Accept-Encoding: gzip,deflate[\r][\n]"
2018-03-21 11:24:38,220 DEBUG [Forwarding findElement on session d088f8724517110c49764173989f6635 to remote] wire:73 - http-outgoing-6 >> "[\r][\n]"
2018-03-21 11:24:38,220 DEBUG [Forwarding findElement on session d088f8724517110c49764173989f6635 to remote] wire:87 - http-outgoing-6 >> "{"using":"xpath","value":"//a[text()='Mobile']"}"
2018-03-21 11:24:38,234 DEBUG [Forwarding findElement on session d088f8724517110c49764173989f6635 to remote] wire:73 - http-outgoing-6 << "HTTP/1.1 200 OK[\r][\n]"
2018-03-21 11:24:38,234 DEBUG [Forwarding findElement on session d088f8724517110c49764173989f6635 to remote] wire:73 - http-outgoing-6 << "Content-Length:102[\r][\n]"
2018-03-21 11:24:38,235 DEBUG [Forwarding findElement on session d088f8724517110c49764173989f6635 to remote] wire:73 - http-outgoing-6 << "Content-Type:application/json; charset=utf-8[\r][\n]"
2018-03-21 11:24:38,235 DEBUG [Forwarding findElement on session d088f8724517110c49764173989f6635 to remote] wire:73 - http-outgoing-6 << "Connection:close[\r][\n]"
2018-03-21 11:24:38,235 DEBUG [Forwarding findElement on session d088f8724517110c49764173989f6635 to remote] wire:73 - http-outgoing-6 << "[\r][\n]"
2018-03-21 11:24:38,235 DEBUG [Forwarding findElement on session d088f8724517110c49764173989f6635 to remote] wire:87 - http-outgoing-6 << "{"sessionId":"d088f8724517110c49764173989f6635","status":0,"value":{"ELEMENT":"0.4268241332574394-1"}}"
2018-03-21 11:24:38,235 DEBUG [Forwarding findElement on session d088f8724517110c49764173989f6635 to remote] headers:122 - http-outgoing-6 << HTTP/1.1 200 OK
2018-03-21 11:24:38,235 DEBUG [Forwarding findElement on session d088f8724517110c49764173989f6635 to remote] headers:125 - http-outgoing-6 << Content-Length:102
2018-03-21 11:24:38,236 DEBUG [Forwarding findElement on session d088f8724517110c49764173989f6635 to remote] headers:125 - http-outgoing-6 << Content-Type:application/json; charset=utf-8
2018-03-21 11:24:38,236 DEBUG [Forwarding findElement on session d088f8724517110c49764173989f6635 to remote] headers:125 - http-outgoing-6 << Connection:close
2018-03-21 11:24:38,236 DEBUG [Forwarding findElement on session d088f8724517110c49764173989f6635 to remote] DefaultManagedHttpClientConnection:79 - http-outgoing-6: Close connection
2018-03-21 11:24:38,237 DEBUG [Forwarding findElement on session d088f8724517110c49764173989f6635 to remote] MainClientExec:104 - Connection discarded
2018-03-21 11:24:38,237 DEBUG [Forwarding findElement on session d088f8724517110c49764173989f6635 to remote] PoolingHttpClientConnectionManager:326 - Connection released: [id: 6][route: {}->http://localhost:43581][total kept alive: 0; route allocated: 0 of 2000; total allocated: 0 of 2000]
2018-03-21 11:24:38,239 DEBUG [Forwarding clickElement on session d088f8724517110c49764173989f6635 to remote] RequestAddCookies:123 - CookieSpec selected: default
2018-03-21 11:24:38,240 DEBUG [Forwarding clickElement on session d088f8724517110c49764173989f6635 to remote] RequestAuthCache:77 - Auth cache not set in the context
2018-03-21 11:24:38,240 DEBUG [Forwarding clickElement on session d088f8724517110c49764173989f6635 to remote] PoolingHttpClientConnectionManager:255 - Connection request: [route: {}->http://localhost:43581][total kept alive: 0; route allocated: 0 of 2000; total allocated: 0 of 2000]
2018-03-21 11:24:38,240 DEBUG [Forwarding clickElement on session d088f8724517110c49764173989f6635 to remote] PoolingHttpClientConnectionManager:288 - Connection leased: [id: 7][route: {}->http://localhost:43581][total kept alive: 0; route allocated: 1 of 2000; total allocated: 1 of 2000]
2018-03-21 11:24:38,241 DEBUG [Forwarding clickElement on session d088f8724517110c49764173989f6635 to remote] MainClientExec:235 - Opening connection {}->http://localhost:43581
2018-03-21 11:24:38,241 DEBUG [Forwarding clickElement on session d088f8724517110c49764173989f6635 to remote] DefaultHttpClientConnectionOperator:139 - Connecting to localhost/127.0.0.1:43581
2018-03-21 11:24:38,242 DEBUG [Forwarding clickElement on session d088f8724517110c49764173989f6635 to remote] DefaultHttpClientConnectionOperator:146 - Connection established 127.0.0.1:51744<->127.0.0.1:43581
2018-03-21 11:24:38,242 DEBUG [Forwarding clickElement on session d088f8724517110c49764173989f6635 to remote] DefaultManagedHttpClientConnection:88 - http-outgoing-7: set socket timeout to 10800000
2018-03-21 11:24:38,242 DEBUG [Forwarding clickElement on session d088f8724517110c49764173989f6635 to remote] MainClientExec:256 - Executing request POST /session/d088f8724517110c49764173989f6635/element/0.4268241332574394-1/click HTTP/1.1
2018-03-21 11:24:38,243 DEBUG [Forwarding clickElement on session d088f8724517110c49764173989f6635 to remote] MainClientExec:261 - Target auth state: UNCHALLENGED
2018-03-21 11:24:38,243 DEBUG [Forwarding clickElement on session d088f8724517110c49764173989f6635 to remote] MainClientExec:267 - Proxy auth state: UNCHALLENGED
2018-03-21 11:24:38,243 DEBUG [Forwarding clickElement on session d088f8724517110c49764173989f6635 to remote] headers:133 - http-outgoing-7 >> POST /session/d088f8724517110c49764173989f6635/element/0.4268241332574394-1/click HTTP/1.1
2018-03-21 11:24:38,243 DEBUG [Forwarding clickElement on session d088f8724517110c49764173989f6635 to remote] headers:136 - http-outgoing-7 >> Content-Type: application/json; charset=utf-8
2018-03-21 11:24:38,243 DEBUG [Forwarding clickElement on session d088f8724517110c49764173989f6635 to remote] headers:136 - http-outgoing-7 >> Content-Length: 29
2018-03-21 11:24:38,244 DEBUG [Forwarding clickElement on session d088f8724517110c49764173989f6635 to remote] headers:136 - http-outgoing-7 >> Host: localhost:43581
2018-03-21 11:24:38,244 DEBUG [Forwarding clickElement on session d088f8724517110c49764173989f6635 to remote] headers:136 - http-outgoing-7 >> Connection: Keep-Alive
2018-03-21 11:24:38,244 DEBUG [Forwarding clickElement on session d088f8724517110c49764173989f6635 to remote] headers:136 - http-outgoing-7 >> User-Agent: Apache-HttpClient/4.5.3 (Java/1.8.0_161)
2018-03-21 11:24:38,244 DEBUG [Forwarding clickElement on session d088f8724517110c49764173989f6635 to remote] headers:136 - http-outgoing-7 >> Accept-Encoding: gzip,deflate
2018-03-21 11:24:38,244 DEBUG [Forwarding clickElement on session d088f8724517110c49764173989f6635 to remote] wire:73 - http-outgoing-7 >> "POST /session/d088f8724517110c49764173989f6635/element/0.4268241332574394-1/click HTTP/1.1[\r][\n]"
2018-03-21 11:24:38,245 DEBUG [Forwarding clickElement on session d088f8724517110c49764173989f6635 to remote] wire:73 - http-outgoing-7 >> "Content-Type: application/json; charset=utf-8[\r][\n]"
2018-03-21 11:24:38,245 DEBUG [Forwarding clickElement on session d088f8724517110c49764173989f6635 to remote] wire:73 - http-outgoing-7 >> "Content-Length: 29[\r][\n]"
2018-03-21 11:24:38,245 DEBUG [Forwarding clickElement on session d088f8724517110c49764173989f6635 to remote] wire:73 - http-outgoing-7 >> "Host: localhost:43581[\r][\n]"
2018-03-21 11:24:38,245 DEBUG [Forwarding clickElement on session d088f8724517110c49764173989f6635 to remote] wire:73 - http-outgoing-7 >> "Connection: Keep-Alive[\r][\n]"
2018-03-21 11:24:38,245 DEBUG [Forwarding clickElement on session d088f8724517110c49764173989f6635 to remote] wire:73 - http-outgoing-7 >> "User-Agent: Apache-HttpClient/4.5.3 (Java/1.8.0_161)[\r][\n]"
2018-03-21 11:24:38,246 DEBUG [Forwarding clickElement on session d088f8724517110c49764173989f6635 to remote] wire:73 - http-outgoing-7 >> "Accept-Encoding: gzip,deflate[\r][\n]"
2018-03-21 11:24:38,246 DEBUG [Forwarding clickElement on session d088f8724517110c49764173989f6635 to remote] wire:73 - http-outgoing-7 >> "[\r][\n]"
2018-03-21 11:24:38,246 DEBUG [Forwarding clickElement on session d088f8724517110c49764173989f6635 to remote] wire:87 - http-outgoing-7 >> "{"id":"0.4268241332574394-1"}"
2018-03-21 11:24:39,007 DEBUG [Forwarding clickElement on session d088f8724517110c49764173989f6635 to remote] wire:73 - http-outgoing-7 << "HTTP/1.1 200 OK[\r][\n]"
2018-03-21 11:24:39,007 DEBUG [Forwarding clickElement on session d088f8724517110c49764173989f6635 to remote] wire:73 - http-outgoing-7 << "Content-Length:72[\r][\n]"
2018-03-21 11:24:39,008 DEBUG [Forwarding clickElement on session d088f8724517110c49764173989f6635 to remote] wire:73 - http-outgoing-7 << "Content-Type:application/json; charset=utf-8[\r][\n]"
2018-03-21 11:24:39,008 DEBUG [Forwarding clickElement on session d088f8724517110c49764173989f6635 to remote] wire:73 - http-outgoing-7 << "Connection:close[\r][\n]"
2018-03-21 11:24:39,009 DEBUG [Forwarding clickElement on session d088f8724517110c49764173989f6635 to remote] wire:73 - http-outgoing-7 << "[\r][\n]"
2018-03-21 11:24:39,009 DEBUG [Forwarding clickElement on session d088f8724517110c49764173989f6635 to remote] wire:87 - http-outgoing-7 << "{"sessionId":"d088f8724517110c49764173989f6635","status":0,"value":null}"
2018-03-21 11:24:39,009 DEBUG [Forwarding clickElement on session d088f8724517110c49764173989f6635 to remote] headers:122 - http-outgoing-7 << HTTP/1.1 200 OK
2018-03-21 11:24:39,010 DEBUG [Forwarding clickElement on session d088f8724517110c49764173989f6635 to remote] headers:125 - http-outgoing-7 << Content-Length:72
2018-03-21 11:24:39,010 DEBUG [Forwarding clickElement on session d088f8724517110c49764173989f6635 to remote] headers:125 - http-outgoing-7 << Content-Type:application/json; charset=utf-8
2018-03-21 11:24:39,011 DEBUG [Forwarding clickElement on session d088f8724517110c49764173989f6635 to remote] headers:125 - http-outgoing-7 << Connection:close
2018-03-21 11:24:39,011 DEBUG [Forwarding clickElement on session d088f8724517110c49764173989f6635 to remote] DefaultManagedHttpClientConnection:79 - http-outgoing-7: Close connection
2018-03-21 11:24:39,012 DEBUG [Forwarding clickElement on session d088f8724517110c49764173989f6635 to remote] MainClientExec:104 - Connection discarded
2018-03-21 11:24:39,012 DEBUG [Forwarding clickElement on session d088f8724517110c49764173989f6635 to remote] PoolingHttpClientConnectionManager:326 - Connection released: [id: 7][route: {}->http://localhost:43581][total kept alive: 0; route allocated: 0 of 2000; total allocated: 0 of 2000]
2018-03-21 11:24:39,034 DEBUG [Forwarding findElement on session d088f8724517110c49764173989f6635 to remote] RequestAddCookies:123 - CookieSpec selected: default
2018-03-21 11:24:39,035 DEBUG [Forwarding findElement on session d088f8724517110c49764173989f6635 to remote] RequestAuthCache:77 - Auth cache not set in the context
2018-03-21 11:24:39,036 DEBUG [Forwarding findElement on session d088f8724517110c49764173989f6635 to remote] PoolingHttpClientConnectionManager:255 - Connection request: [route: {}->http://localhost:43581][total kept alive: 0; route allocated: 0 of 2000; total allocated: 0 of 2000]
2018-03-21 11:24:39,037 DEBUG [Forwarding findElement on session d088f8724517110c49764173989f6635 to remote] PoolingHttpClientConnectionManager:288 - Connection leased: [id: 8][route: {}->http://localhost:43581][total kept alive: 0; route allocated: 1 of 2000; total allocated: 1 of 2000]
2018-03-21 11:24:39,037 DEBUG [Forwarding findElement on session d088f8724517110c49764173989f6635 to remote] MainClientExec:235 - Opening connection {}->http://localhost:43581
2018-03-21 11:24:39,038 DEBUG [Forwarding findElement on session d088f8724517110c49764173989f6635 to remote] DefaultHttpClientConnectionOperator:139 - Connecting to localhost/127.0.0.1:43581
2018-03-21 11:24:39,040 DEBUG [Forwarding findElement on session d088f8724517110c49764173989f6635 to remote] DefaultHttpClientConnectionOperator:146 - Connection established 127.0.0.1:51748<->127.0.0.1:43581
2018-03-21 11:24:39,041 DEBUG [Forwarding findElement on session d088f8724517110c49764173989f6635 to remote] DefaultManagedHttpClientConnection:88 - http-outgoing-8: set socket timeout to 10800000
2018-03-21 11:24:39,041 DEBUG [Forwarding findElement on session d088f8724517110c49764173989f6635 to remote] MainClientExec:256 - Executing request POST /session/d088f8724517110c49764173989f6635/element HTTP/1.1
2018-03-21 11:24:39,042 DEBUG [Forwarding findElement on session d088f8724517110c49764173989f6635 to remote] MainClientExec:261 - Target auth state: UNCHALLENGED
2018-03-21 11:24:39,042 DEBUG [Forwarding findElement on session d088f8724517110c49764173989f6635 to remote] MainClientExec:267 - Proxy auth state: UNCHALLENGED
2018-03-21 11:24:39,042 DEBUG [Forwarding findElement on session d088f8724517110c49764173989f6635 to remote] headers:133 - http-outgoing-8 >> POST /session/d088f8724517110c49764173989f6635/element HTTP/1.1
2018-03-21 11:24:39,043 DEBUG [Forwarding findElement on session d088f8724517110c49764173989f6635 to remote] headers:136 - http-outgoing-8 >> Content-Type: application/json; charset=utf-8
2018-03-21 11:24:39,043 DEBUG [Forwarding findElement on session d088f8724517110c49764173989f6635 to remote] headers:136 - http-outgoing-8 >> Content-Length: 126
2018-03-21 11:24:39,043 DEBUG [Forwarding findElement on session d088f8724517110c49764173989f6635 to remote] headers:136 - http-outgoing-8 >> Host: localhost:43581
2018-03-21 11:24:39,044 DEBUG [Forwarding findElement on session d088f8724517110c49764173989f6635 to remote] headers:136 - http-outgoing-8 >> Connection: Keep-Alive
2018-03-21 11:24:39,044 DEBUG [Forwarding findElement on session d088f8724517110c49764173989f6635 to remote] headers:136 - http-outgoing-8 >> User-Agent: Apache-HttpClient/4.5.3 (Java/1.8.0_161)
2018-03-21 11:24:39,044 DEBUG [Forwarding findElement on session d088f8724517110c49764173989f6635 to remote] headers:136 - http-outgoing-8 >> Accept-Encoding: gzip,deflate
2018-03-21 11:24:39,045 DEBUG [Forwarding findElement on session d088f8724517110c49764173989f6635 to remote] wire:73 - http-outgoing-8 >> "POST /session/d088f8724517110c49764173989f6635/element HTTP/1.1[\r][\n]"
2018-03-21 11:24:39,045 DEBUG [Forwarding findElement on session d088f8724517110c49764173989f6635 to remote] wire:73 - http-outgoing-8 >> "Content-Type: application/json; charset=utf-8[\r][\n]"
2018-03-21 11:24:39,045 DEBUG [Forwarding findElement on session d088f8724517110c49764173989f6635 to remote] wire:73 - http-outgoing-8 >> "Content-Length: 126[\r][\n]"
2018-03-21 11:24:39,045 DEBUG [Forwarding findElement on session d088f8724517110c49764173989f6635 to remote] wire:73 - http-outgoing-8 >> "Host: localhost:43581[\r][\n]"
2018-03-21 11:24:39,046 DEBUG [Forwarding findElement on session d088f8724517110c49764173989f6635 to remote] wire:73 - http-outgoing-8 >> "Connection: Keep-Alive[\r][\n]"
2018-03-21 11:24:39,046 DEBUG [Forwarding findElement on session d088f8724517110c49764173989f6635 to remote] wire:73 - http-outgoing-8 >> "User-Agent: Apache-HttpClient/4.5.3 (Java/1.8.0_161)[\r][\n]"
2018-03-21 11:24:39,046 DEBUG [Forwarding findElement on session d088f8724517110c49764173989f6635 to remote] wire:73 - http-outgoing-8 >> "Accept-Encoding: gzip,deflate[\r][\n]"
2018-03-21 11:24:39,046 DEBUG [Forwarding findElement on session d088f8724517110c49764173989f6635 to remote] wire:73 - http-outgoing-8 >> "[\r][\n]"
2018-03-21 11:24:39,047 DEBUG [Forwarding findElement on session d088f8724517110c49764173989f6635 to remote] wire:87 - http-outgoing-8 >> "{"using":"xpath","value":"//*[@id=\"top\"]/body/div/div/div[2]/div/div[2]/div[1]/div[3]/ul/li[2]/div/div[3]/button/span/span"}"
2018-03-21 11:24:39,064 DEBUG [Forwarding findElement on session d088f8724517110c49764173989f6635 to remote] wire:73 - http-outgoing-8 << "HTTP/1.1 200 OK[\r][\n]"
2018-03-21 11:24:39,064 DEBUG [Forwarding findElement on session d088f8724517110c49764173989f6635 to remote] wire:73 - http-outgoing-8 << "Content-Length:102[\r][\n]"
2018-03-21 11:24:39,065 DEBUG [Forwarding findElement on session d088f8724517110c49764173989f6635 to remote] wire:73 - http-outgoing-8 << "Content-Type:application/json; charset=utf-8[\r][\n]"
2018-03-21 11:24:39,065 DEBUG [Forwarding findElement on session d088f8724517110c49764173989f6635 to remote] wire:73 - http-outgoing-8 << "Connection:close[\r][\n]"
2018-03-21 11:24:39,065 DEBUG [Forwarding findElement on session d088f8724517110c49764173989f6635 to remote] wire:73 - http-outgoing-8 << "[\r][\n]"
2018-03-21 11:24:39,065 DEBUG [Forwarding findElement on session d088f8724517110c49764173989f6635 to remote] wire:87 - http-outgoing-8 << "{"sessionId":"d088f8724517110c49764173989f6635","status":0,"value":{"ELEMENT":"0.5349078670732164-1"}}"
2018-03-21 11:24:39,066 DEBUG [Forwarding findElement on session d088f8724517110c49764173989f6635 to remote] headers:122 - http-outgoing-8 << HTTP/1.1 200 OK
2018-03-21 11:24:39,066 DEBUG [Forwarding findElement on session d088f8724517110c49764173989f6635 to remote] headers:125 - http-outgoing-8 << Content-Length:102
2018-03-21 11:24:39,066 DEBUG [Forwarding findElement on session d088f8724517110c49764173989f6635 to remote] headers:125 - http-outgoing-8 << Content-Type:application/json; charset=utf-8
2018-03-21 11:24:39,067 DEBUG [Forwarding findElement on session d088f8724517110c49764173989f6635 to remote] headers:125 - http-outgoing-8 << Connection:close
2018-03-21 11:24:39,068 DEBUG [Forwarding findElement on session d088f8724517110c49764173989f6635 to remote] DefaultManagedHttpClientConnection:79 - http-outgoing-8: Close connection
2018-03-21 11:24:39,068 DEBUG [Forwarding findElement on session d088f8724517110c49764173989f6635 to remote] MainClientExec:104 - Connection discarded
2018-03-21 11:24:39,069 DEBUG [Forwarding findElement on session d088f8724517110c49764173989f6635 to remote] PoolingHttpClientConnectionManager:326 - Connection released: [id: 8][route: {}->http://localhost:43581][total kept alive: 0; route allocated: 0 of 2000; total allocated: 0 of 2000]
2018-03-21 11:24:39,071 DEBUG [Forwarding clickElement on session d088f8724517110c49764173989f6635 to remote] RequestAddCookies:123 - CookieSpec selected: default
2018-03-21 11:24:39,072 DEBUG [Forwarding clickElement on session d088f8724517110c49764173989f6635 to remote] RequestAuthCache:77 - Auth cache not set in the context
2018-03-21 11:24:39,073 DEBUG [Forwarding clickElement on session d088f8724517110c49764173989f6635 to remote] PoolingHttpClientConnectionManager:255 - Connection request: [route: {}->http://localhost:43581][total kept alive: 0; route allocated: 0 of 2000; total allocated: 0 of 2000]
2018-03-21 11:24:39,073 DEBUG [Forwarding clickElement on session d088f8724517110c49764173989f6635 to remote] PoolingHttpClientConnectionManager:288 - Connection leased: [id: 9][route: {}->http://localhost:43581][total kept alive: 0; route allocated: 1 of 2000; total allocated: 1 of 2000]
2018-03-21 11:24:39,073 DEBUG [Forwarding clickElement on session d088f8724517110c49764173989f6635 to remote] MainClientExec:235 - Opening connection {}->http://localhost:43581
2018-03-21 11:24:39,074 DEBUG [Forwarding clickElement on session d088f8724517110c49764173989f6635 to remote] DefaultHttpClientConnectionOperator:139 - Connecting to localhost/127.0.0.1:43581
2018-03-21 11:24:39,075 DEBUG [Forwarding clickElement on session d088f8724517110c49764173989f6635 to remote] DefaultHttpClientConnectionOperator:146 - Connection established 127.0.0.1:51749<->127.0.0.1:43581
2018-03-21 11:24:39,075 DEBUG [Forwarding clickElement on session d088f8724517110c49764173989f6635 to remote] DefaultManagedHttpClientConnection:88 - http-outgoing-9: set socket timeout to 10800000
2018-03-21 11:24:39,076 DEBUG [Forwarding clickElement on session d088f8724517110c49764173989f6635 to remote] MainClientExec:256 - Executing request POST /session/d088f8724517110c49764173989f6635/element/0.5349078670732164-1/click HTTP/1.1
2018-03-21 11:24:39,076 DEBUG [Forwarding clickElement on session d088f8724517110c49764173989f6635 to remote] MainClientExec:261 - Target auth state: UNCHALLENGED
2018-03-21 11:24:39,076 DEBUG [Forwarding clickElement on session d088f8724517110c49764173989f6635 to remote] MainClientExec:267 - Proxy auth state: UNCHALLENGED
2018-03-21 11:24:39,076 DEBUG [Forwarding clickElement on session d088f8724517110c49764173989f6635 to remote] headers:133 - http-outgoing-9 >> POST /session/d088f8724517110c49764173989f6635/element/0.5349078670732164-1/click HTTP/1.1
2018-03-21 11:24:39,077 DEBUG [Forwarding clickElement on session d088f8724517110c49764173989f6635 to remote] headers:136 - http-outgoing-9 >> Content-Type: application/json; charset=utf-8
2018-03-21 11:24:39,077 DEBUG [Forwarding clickElement on session d088f8724517110c49764173989f6635 to remote] headers:136 - http-outgoing-9 >> Content-Length: 29
2018-03-21 11:24:39,077 DEBUG [Forwarding clickElement on session d088f8724517110c49764173989f6635 to remote] headers:136 - http-outgoing-9 >> Host: localhost:43581
2018-03-21 11:24:39,077 DEBUG [Forwarding clickElement on session d088f8724517110c49764173989f6635 to remote] headers:136 - http-outgoing-9 >> Connection: Keep-Alive
2018-03-21 11:24:39,078 DEBUG [Forwarding clickElement on session d088f8724517110c49764173989f6635 to remote] headers:136 - http-outgoing-9 >> User-Agent: Apache-HttpClient/4.5.3 (Java/1.8.0_161)
2018-03-21 11:24:39,078 DEBUG [Forwarding clickElement on session d088f8724517110c49764173989f6635 to remote] headers:136 - http-outgoing-9 >> Accept-Encoding: gzip,deflate
2018-03-21 11:24:39,078 DEBUG [Forwarding clickElement on session d088f8724517110c49764173989f6635 to remote] wire:73 - http-outgoing-9 >> "POST /session/d088f8724517110c49764173989f6635/element/0.5349078670732164-1/click HTTP/1.1[\r][\n]"
2018-03-21 11:24:39,078 DEBUG [Forwarding clickElement on session d088f8724517110c49764173989f6635 to remote] wire:73 - http-outgoing-9 >> "Content-Type: application/json; charset=utf-8[\r][\n]"
2018-03-21 11:24:39,078 DEBUG [Forwarding clickElement on session d088f8724517110c49764173989f6635 to remote] wire:73 - http-outgoing-9 >> "Content-Length: 29[\r][\n]"
2018-03-21 11:24:39,078 DEBUG [Forwarding clickElement on session d088f8724517110c49764173989f6635 to remote] wire:73 - http-outgoing-9 >> "Host: localhost:43581[\r][\n]"
2018-03-21 11:24:39,078 DEBUG [Forwarding clickElement on session d088f8724517110c49764173989f6635 to remote] wire:73 - http-outgoing-9 >> "Connection: Keep-Alive[\r][\n]"
2018-03-21 11:24:39,079 DEBUG [Forwarding clickElement on session d088f8724517110c49764173989f6635 to remote] wire:73 - http-outgoing-9 >> "User-Agent: Apache-HttpClient/4.5.3 (Java/1.8.0_161)[\r][\n]"
2018-03-21 11:24:39,079 DEBUG [Forwarding clickElement on session d088f8724517110c49764173989f6635 to remote] wire:73 - http-outgoing-9 >> "Accept-Encoding: gzip,deflate[\r][\n]"
2018-03-21 11:24:39,079 DEBUG [Forwarding clickElement on session d088f8724517110c49764173989f6635 to remote] wire:73 - http-outgoing-9 >> "[\r][\n]"
2018-03-21 11:24:39,079 DEBUG [Forwarding clickElement on session d088f8724517110c49764173989f6635 to remote] wire:87 - http-outgoing-9 >> "{"id":"0.5349078670732164-1"}"
2018-03-21 11:24:49,504 DEBUG [Forwarding clickElement on session d088f8724517110c49764173989f6635 to remote] wire:73 - http-outgoing-9 << "HTTP/1.1 200 OK[\r][\n]"
2018-03-21 11:24:49,504 DEBUG [Forwarding clickElement on session d088f8724517110c49764173989f6635 to remote] wire:73 - http-outgoing-9 << "Content-Length:72[\r][\n]"
2018-03-21 11:24:49,505 DEBUG [Forwarding clickElement on session d088f8724517110c49764173989f6635 to remote] wire:73 - http-outgoing-9 << "Content-Type:application/json; charset=utf-8[\r][\n]"
2018-03-21 11:24:49,505 DEBUG [Forwarding clickElement on session d088f8724517110c49764173989f6635 to remote] wire:73 - http-outgoing-9 << "Connection:close[\r][\n]"
2018-03-21 11:24:49,506 DEBUG [Forwarding clickElement on session d088f8724517110c49764173989f6635 to remote] wire:73 - http-outgoing-9 << "[\r][\n]"
2018-03-21 11:24:49,506 DEBUG [Forwarding clickElement on session d088f8724517110c49764173989f6635 to remote] wire:87 - http-outgoing-9 << "{"sessionId":"d088f8724517110c49764173989f6635","status":0,"value":null}"
2018-03-21 11:24:49,506 DEBUG [Forwarding clickElement on session d088f8724517110c49764173989f6635 to remote] headers:122 - http-outgoing-9 << HTTP/1.1 200 OK
2018-03-21 11:24:49,507 DEBUG [Forwarding clickElement on session d088f8724517110c49764173989f6635 to remote] headers:125 - http-outgoing-9 << Content-Length:72
2018-03-21 11:24:49,507 DEBUG [Forwarding clickElement on session d088f8724517110c49764173989f6635 to remote] headers:125 - http-outgoing-9 << Content-Type:application/json; charset=utf-8
2018-03-21 11:24:49,508 DEBUG [Forwarding clickElement on session d088f8724517110c49764173989f6635 to remote] headers:125 - http-outgoing-9 << Connection:close
2018-03-21 11:24:49,509 DEBUG [Forwarding clickElement on session d088f8724517110c49764173989f6635 to remote] DefaultManagedHttpClientConnection:79 - http-outgoing-9: Close connection
2018-03-21 11:24:49,510 DEBUG [Forwarding clickElement on session d088f8724517110c49764173989f6635 to remote] MainClientExec:104 - Connection discarded
2018-03-21 11:24:49,511 DEBUG [Forwarding clickElement on session d088f8724517110c49764173989f6635 to remote] PoolingHttpClientConnectionManager:326 - Connection released: [id: 9][route: {}->http://localhost:43581][total kept alive: 0; route allocated: 0 of 2000; total allocated: 0 of 2000]
2018-03-21 11:24:51,522 DEBUG [Forwarding findElement on session d088f8724517110c49764173989f6635 to remote] RequestAddCookies:123 - CookieSpec selected: default
2018-03-21 11:24:51,524 DEBUG [Forwarding findElement on session d088f8724517110c49764173989f6635 to remote] RequestAuthCache:77 - Auth cache not set in the context
2018-03-21 11:24:51,525 DEBUG [Forwarding findElement on session d088f8724517110c49764173989f6635 to remote] PoolingHttpClientConnectionManager:255 - Connection request: [route: {}->http://localhost:43581][total kept alive: 0; route allocated: 0 of 2000; total allocated: 0 of 2000]
2018-03-21 11:24:51,526 DEBUG [Forwarding findElement on session d088f8724517110c49764173989f6635 to remote] PoolingHttpClientConnectionManager:288 - Connection leased: [id: 10][route: {}->http://localhost:43581][total kept alive: 0; route allocated: 1 of 2000; total allocated: 1 of 2000]
2018-03-21 11:24:51,527 DEBUG [Forwarding findElement on session d088f8724517110c49764173989f6635 to remote] MainClientExec:235 - Opening connection {}->http://localhost:43581
2018-03-21 11:24:51,529 DEBUG [Forwarding findElement on session d088f8724517110c49764173989f6635 to remote] DefaultHttpClientConnectionOperator:139 - Connecting to localhost/127.0.0.1:43581
2018-03-21 11:24:51,531 DEBUG [Forwarding findElement on session d088f8724517110c49764173989f6635 to remote] DefaultHttpClientConnectionOperator:146 - Connection established 127.0.0.1:51766<->127.0.0.1:43581
2018-03-21 11:24:51,532 DEBUG [Forwarding findElement on session d088f8724517110c49764173989f6635 to remote] DefaultManagedHttpClientConnection:88 - http-outgoing-10: set socket timeout to 10800000
2018-03-21 11:24:51,533 DEBUG [Forwarding findElement on session d088f8724517110c49764173989f6635 to remote] MainClientExec:256 - Executing request POST /session/d088f8724517110c49764173989f6635/element HTTP/1.1
2018-03-21 11:24:51,534 DEBUG [Forwarding findElement on session d088f8724517110c49764173989f6635 to remote] MainClientExec:261 - Target auth state: UNCHALLENGED
2018-03-21 11:24:51,534 DEBUG [Forwarding findElement on session d088f8724517110c49764173989f6635 to remote] MainClientExec:267 - Proxy auth state: UNCHALLENGED
2018-03-21 11:24:51,536 DEBUG [Forwarding findElement on session d088f8724517110c49764173989f6635 to remote] headers:133 - http-outgoing-10 >> POST /session/d088f8724517110c49764173989f6635/element HTTP/1.1
2018-03-21 11:24:51,537 DEBUG [Forwarding findElement on session d088f8724517110c49764173989f6635 to remote] headers:136 - http-outgoing-10 >> Content-Type: application/json; charset=utf-8
2018-03-21 11:24:51,538 DEBUG [Forwarding findElement on session d088f8724517110c49764173989f6635 to remote] headers:136 - http-outgoing-10 >> Content-Length: 94
2018-03-21 11:24:51,539 DEBUG [Forwarding findElement on session d088f8724517110c49764173989f6635 to remote] headers:136 - http-outgoing-10 >> Host: localhost:43581
2018-03-21 11:24:51,540 DEBUG [Forwarding findElement on session d088f8724517110c49764173989f6635 to remote] headers:136 - http-outgoing-10 >> Connection: Keep-Alive
2018-03-21 11:24:51,540 DEBUG [Forwarding findElement on session d088f8724517110c49764173989f6635 to remote] headers:136 - http-outgoing-10 >> User-Agent: Apache-HttpClient/4.5.3 (Java/1.8.0_161)
2018-03-21 11:24:51,541 DEBUG [Forwarding findElement on session d088f8724517110c49764173989f6635 to remote] headers:136 - http-outgoing-10 >> Accept-Encoding: gzip,deflate
2018-03-21 11:24:51,541 DEBUG [Forwarding findElement on session d088f8724517110c49764173989f6635 to remote] wire:73 - http-outgoing-10 >> "POST /session/d088f8724517110c49764173989f6635/element HTTP/1.1[\r][\n]"
2018-03-21 11:24:51,542 DEBUG [Forwarding findElement on session d088f8724517110c49764173989f6635 to remote] wire:73 - http-outgoing-10 >> "Content-Type: application/json; charset=utf-8[\r][\n]"
2018-03-21 11:24:51,542 DEBUG [Forwarding findElement on session d088f8724517110c49764173989f6635 to remote] wire:73 - http-outgoing-10 >> "Content-Length: 94[\r][\n]"
2018-03-21 11:24:51,542 DEBUG [Forwarding findElement on session d088f8724517110c49764173989f6635 to remote] wire:73 - http-outgoing-10 >> "Host: localhost:43581[\r][\n]"
2018-03-21 11:24:51,543 DEBUG [Forwarding findElement on session d088f8724517110c49764173989f6635 to remote] wire:73 - http-outgoing-10 >> "Connection: Keep-Alive[\r][\n]"
2018-03-21 11:24:51,543 DEBUG [Forwarding findElement on session d088f8724517110c49764173989f6635 to remote] wire:73 - http-outgoing-10 >> "User-Agent: Apache-HttpClient/4.5.3 (Java/1.8.0_161)[\r][\n]"
2018-03-21 11:24:51,544 DEBUG [Forwarding findElement on session d088f8724517110c49764173989f6635 to remote] wire:73 - http-outgoing-10 >> "Accept-Encoding: gzip,deflate[\r][\n]"
2018-03-21 11:24:51,544 DEBUG [Forwarding findElement on session d088f8724517110c49764173989f6635 to remote] wire:73 - http-outgoing-10 >> "[\r][\n]"
2018-03-21 11:24:51,544 DEBUG [Forwarding findElement on session d088f8724517110c49764173989f6635 to remote] wire:87 - http-outgoing-10 >> "{"using":"xpath","value":"//*[@id=\"shopping-cart-totals-table\"]/tfoot/tr/td[2]/strong/span"}"
